[0.286s] DEBUG:colcon:Command line arguments: ['/usr/bin/colcon', 'build']
[0.286s] DEBUG:colcon:Parsed command line arguments: Namespace(log_base=None, log_level=None, verb_name='build', build_base='build', install_base='install', merge_install=False, symlink_install=False, test_result_base=None, continue_on_error=False, executor='parallel', parallel_workers=12, event_handlers=None, ignore_user_meta=False, metas=['./colcon.meta'], base_paths=['.'], packages_ignore=None, packages_ignore_regex=None, paths=None, packages_up_to=None, packages_up_to_regex=None, packages_above=None, packages_above_and_dependencies=None, packages_above_depth=None, packages_select_by_dep=None, packages_skip_by_dep=None, packages_skip_up_to=None, packages_select_build_failed=False, packages_skip_build_finished=False, packages_select_test_failures=False, packages_skip_test_passed=False, packages_select=None, packages_skip=None, packages_select_regex=None, packages_skip_regex=None, packages_start=None, packages_end=None, allow_overriding=[], cmake_args=None, cmake_target=None, cmake_target_skip_unavailable=False, cmake_clean_cache=False, cmake_clean_first=False, cmake_force_configure=False, ament_cmake_args=None, catkin_cmake_args=None, catkin_skip_building_tests=False, verb_parser=<colcon_defaults.argument_parser.defaults.DefaultArgumentsDecorator object at 0x7f8a8f854680>, verb_extension=<colcon_core.verb.build.BuildVerb object at 0x7f8a8f97f860>, main=<bound method BuildVerb.main of <colcon_core.verb.build.BuildVerb object at 0x7f8a8f97f860>>)
[0.348s] Level 1:colcon.colcon_core.package_discovery:discover_packages(colcon_meta) check parameters
[0.348s] Level 1:colcon.colcon_core.package_discovery:discover_packages(recursive) check parameters
[0.348s] Level 1:colcon.colcon_core.package_discovery:discover_packages(ignore) check parameters
[0.348s] Level 1:colcon.colcon_core.package_discovery:discover_packages(path) check parameters
[0.348s] Level 1:colcon.colcon_core.package_discovery:discover_packages(colcon_meta) discover
[0.348s] Level 1:colcon.colcon_core.package_discovery:discover_packages(recursive) discover
[0.348s] INFO:colcon.colcon_core.package_discovery:Crawling recursively for packages in '/home/gano/ros2_ws/src/mypkg/Humidity-Monitoring-Simulation-System'
[0.348s] Level 1:colcon.colcon_core.package_identification:_identify(.) by extensions ['ignore', 'ignore_ament_install']
[0.348s] Level 1:colcon.colcon_core.package_identification:_identify(.) by extension 'ignore'
[0.349s] Level 1:colcon.colcon_core.package_identification:_identify(.) by extension 'ignore_ament_install'
[0.349s] Level 1:colcon.colcon_core.package_identification:_identify(.) by extensions ['colcon_pkg']
[0.349s] Level 1:colcon.colcon_core.package_identification:_identify(.) by extension 'colcon_pkg'
[0.349s] Level 1:colcon.colcon_core.package_identification:_identify(.) by extensions ['colcon_meta']
[0.349s] Level 1:colcon.colcon_core.package_identification:_identify(.) by extension 'colcon_meta'
[0.349s] Level 1:colcon.colcon_core.package_identification:_identify(.) by extensions ['ros']
[0.349s] Level 1:colcon.colcon_core.package_identification:_identify(.) by extension 'ros'
[0.386s] DEBUG:colcon.colcon_core.package_identification:Package '.' with type 'ros.ament_python' and name 'mypkg'
[0.386s] Level 1:colcon.colcon_core.package_discovery:discover_packages(recursive) using defaults
[0.386s] Level 1:colcon.colcon_core.package_discovery:discover_packages(ignore) discover
[0.386s] Level 1:colcon.colcon_core.package_discovery:discover_packages(ignore) using defaults
[0.386s] Level 1:colcon.colcon_core.package_discovery:discover_packages(path) discover
[0.386s] Level 1:colcon.colcon_core.package_discovery:discover_packages(path) using defaults
[0.413s] Level 1:colcon.colcon_core.package_discovery:discover_packages(prefix_path) check parameters
[0.413s] Level 1:colcon.colcon_core.package_discovery:discover_packages(prefix_path) discover
[0.418s] DEBUG:colcon.colcon_installed_package_information.package_discovery:Found 1 installed packages in /home/gano/ros2_ws/install
[0.419s] DEBUG:colcon.colcon_installed_package_information.package_discovery:Found 285 installed packages in /opt/ros/jazzy
[0.420s] Level 1:colcon.colcon_core.package_discovery:discover_packages(prefix_path) using defaults
[0.499s] Level 5:colcon.colcon_core.verb:set package 'mypkg' build argument 'cmake_args' from command line to 'None'
[0.499s] Level 5:colcon.colcon_core.verb:set package 'mypkg' build argument 'cmake_target' from command line to 'None'
[0.499s] Level 5:colcon.colcon_core.verb:set package 'mypkg' build argument 'cmake_target_skip_unavailable' from command line to 'False'
[0.499s] Level 5:colcon.colcon_core.verb:set package 'mypkg' build argument 'cmake_clean_cache' from command line to 'False'
[0.499s] Level 5:colcon.colcon_core.verb:set package 'mypkg' build argument 'cmake_clean_first' from command line to 'False'
[0.499s] Level 5:colcon.colcon_core.verb:set package 'mypkg' build argument 'cmake_force_configure' from command line to 'False'
[0.499s] Level 5:colcon.colcon_core.verb:set package 'mypkg' build argument 'ament_cmake_args' from command line to 'None'
[0.499s] Level 5:colcon.colcon_core.verb:set package 'mypkg' build argument 'catkin_cmake_args' from command line to 'None'
[0.499s] Level 5:colcon.colcon_core.verb:set package 'mypkg' build argument 'catkin_skip_building_tests' from command line to 'False'
[0.499s] DEBUG:colcon.colcon_core.verb:Building package 'mypkg' with the following arguments: {'ament_cmake_args': None, 'build_base': '/home/gano/ros2_ws/src/mypkg/Humidity-Monitoring-Simulation-System/build/mypkg', 'catkin_cmake_args': None, 'catkin_skip_building_tests': False, 'cmake_args': None, 'cmake_clean_cache': False, 'cmake_clean_first': False, 'cmake_force_configure': False, 'cmake_target': None, 'cmake_target_skip_unavailable': False, 'install_base': '/home/gano/ros2_ws/src/mypkg/Humidity-Monitoring-Simulation-System/install/mypkg', 'merge_install': False, 'path': '/home/gano/ros2_ws/src/mypkg/Humidity-Monitoring-Simulation-System', 'symlink_install': False, 'test_result_base': None}
[0.499s] INFO:colcon.colcon_core.executor:Executing jobs using 'parallel' executor
[0.500s] DEBUG:colcon.colcon_parallel_executor.executor.parallel:run_until_complete
[0.500s] INFO:colcon.colcon_ros.task.ament_python.build:Building ROS package in '/home/gano/ros2_ws/src/mypkg/Humidity-Monitoring-Simulation-System' with build type 'ament_python'
[0.500s] Level 1:colcon.colcon_core.shell:create_environment_hook('mypkg', 'ament_prefix_path')
[0.506s] INFO:colcon.colcon_core.plugin_system:Skipping extension 'colcon_core.shell.bat': Not used on non-Windows systems
[0.507s] INFO:colcon.colcon_core.shell:Creating environment hook '/home/gano/ros2_ws/src/mypkg/Humidity-Monitoring-Simulation-System/install/mypkg/share/mypkg/hook/ament_prefix_path.ps1'
[0.509s] INFO:colcon.colcon_core.shell:Creating environment descriptor '/home/gano/ros2_ws/src/mypkg/Humidity-Monitoring-Simulation-System/install/mypkg/share/mypkg/hook/ament_prefix_path.dsv'
[0.510s] INFO:colcon.colcon_core.shell:Creating environment hook '/home/gano/ros2_ws/src/mypkg/Humidity-Monitoring-Simulation-System/install/mypkg/share/mypkg/hook/ament_prefix_path.sh'
[0.511s] INFO:colcon.colcon_core.shell:Skip shell extension 'powershell' for command environment: Not usable outside of PowerShell
[0.511s] DEBUG:colcon.colcon_core.shell:Skip shell extension 'dsv' for command environment
[0.671s] INFO:colcon.colcon_core.task.python.build:Building Python package in '/home/gano/ros2_ws/src/mypkg/Humidity-Monitoring-Simulation-System'
[0.671s] INFO:colcon.colcon_core.shell:Skip shell extension 'powershell' for command environment: Not usable outside of PowerShell
[0.671s] DEBUG:colcon.colcon_core.shell:Skip shell extension 'dsv' for command environment
[0.438s] DEBUG:colcon.colcon_core.event_handler.log_command:Invoking command in '/home/gano/ros2_ws/src/mypkg/Humidity-Monitoring-Simulation-System': PYTHONPATH=/home/gano/ros2_ws/src/mypkg/Humidity-Monitoring-Simulation-System/build/mypkg/prefix_override:/usr/lib/python3/dist-packages/colcon_core/task/python/colcon_distutils_commands:/home/gano/ros2_ws/src/mypkg/Humidity-Monitoring-Simulation-System/install/mypkg/lib/python3.12/site-packages:${PYTHONPATH} /usr/bin/python3 -W ignore:setup.py install is deprecated setup.py egg_info --egg-base build/mypkg build --build-base /home/gano/ros2_ws/src/mypkg/Humidity-Monitoring-Simulation-System/build/mypkg/build install --record /home/gano/ros2_ws/src/mypkg/Humidity-Monitoring-Simulation-System/build/mypkg/install.log --single-version-externally-managed install_data
[0.762s] DEBUG:colcon.colcon_core.event_handler.log_command:Invoked command in '/home/gano/ros2_ws/src/mypkg/Humidity-Monitoring-Simulation-System' returned '0': PYTHONPATH=/home/gano/ros2_ws/src/mypkg/Humidity-Monitoring-Simulation-System/build/mypkg/prefix_override:/usr/lib/python3/dist-packages/colcon_core/task/python/colcon_distutils_commands:/home/gano/ros2_ws/src/mypkg/Humidity-Monitoring-Simulation-System/install/mypkg/lib/python3.12/site-packages:${PYTHONPATH} /usr/bin/python3 -W ignore:setup.py install is deprecated setup.py egg_info --egg-base build/mypkg build --build-base /home/gano/ros2_ws/src/mypkg/Humidity-Monitoring-Simulation-System/build/mypkg/build install --record /home/gano/ros2_ws/src/mypkg/Humidity-Monitoring-Simulation-System/build/mypkg/install.log --single-version-externally-managed install_data
[0.769s] Level 1:colcon.colcon_core.environment:checking '/home/gano/ros2_ws/src/mypkg/Humidity-Monitoring-Simulation-System/install/mypkg' for CMake module files
[0.769s] Level 1:colcon.colcon_core.environment:checking '/home/gano/ros2_ws/src/mypkg/Humidity-Monitoring-Simulation-System/install/mypkg' for CMake config files
[0.769s] Level 1:colcon.colcon_core.environment:checking '/home/gano/ros2_ws/src/mypkg/Humidity-Monitoring-Simulation-System/install/mypkg/lib'
[0.770s] Level 1:colcon.colcon_core.environment:checking '/home/gano/ros2_ws/src/mypkg/Humidity-Monitoring-Simulation-System/install/mypkg/bin'
[0.770s] Level 1:colcon.colcon_core.environment:checking '/home/gano/ros2_ws/src/mypkg/Humidity-Monitoring-Simulation-System/install/mypkg/lib/pkgconfig/mypkg.pc'
[0.770s] Level 1:colcon.colcon_core.environment:checking '/home/gano/ros2_ws/src/mypkg/Humidity-Monitoring-Simulation-System/install/mypkg/lib/python3.12/site-packages'
[0.770s] Level 1:colcon.colcon_core.shell:create_environment_hook('mypkg', 'pythonpath')
[0.770s] INFO:colcon.colcon_core.shell:Creating environment hook '/home/gano/ros2_ws/src/mypkg/Humidity-Monitoring-Simulation-System/install/mypkg/share/mypkg/hook/pythonpath.ps1'
[0.770s] INFO:colcon.colcon_core.shell:Creating environment descriptor '/home/gano/ros2_ws/src/mypkg/Humidity-Monitoring-Simulation-System/install/mypkg/share/mypkg/hook/pythonpath.dsv'
[0.771s] INFO:colcon.colcon_core.shell:Creating environment hook '/home/gano/ros2_ws/src/mypkg/Humidity-Monitoring-Simulation-System/install/mypkg/share/mypkg/hook/pythonpath.sh'
[0.771s] Level 1:colcon.colcon_core.environment:checking '/home/gano/ros2_ws/src/mypkg/Humidity-Monitoring-Simulation-System/install/mypkg/bin'
[0.771s] Level 1:colcon.colcon_core.environment:create_environment_scripts_only(mypkg)
[0.771s] INFO:colcon.colcon_core.shell:Creating package script '/home/gano/ros2_ws/src/mypkg/Humidity-Monitoring-Simulation-System/install/mypkg/share/mypkg/package.ps1'
[0.772s] INFO:colcon.colcon_core.shell:Creating package descriptor '/home/gano/ros2_ws/src/mypkg/Humidity-Monitoring-Simulation-System/install/mypkg/share/mypkg/package.dsv'
[0.773s] INFO:colcon.colcon_core.shell:Creating package script '/home/gano/ros2_ws/src/mypkg/Humidity-Monitoring-Simulation-System/install/mypkg/share/mypkg/package.sh'
[0.774s] INFO:colcon.colcon_core.shell:Creating package script '/home/gano/ros2_ws/src/mypkg/Humidity-Monitoring-Simulation-System/install/mypkg/share/mypkg/package.bash'
[0.775s] INFO:colcon.colcon_core.shell:Creating package script '/home/gano/ros2_ws/src/mypkg/Humidity-Monitoring-Simulation-System/install/mypkg/share/mypkg/package.zsh'
[0.775s] Level 1:colcon.colcon_core.environment:create_file_with_runtime_dependencies(/home/gano/ros2_ws/src/mypkg/Humidity-Monitoring-Simulation-System/install/mypkg/share/colcon-core/packages/mypkg)
[0.776s] DEBUG:colcon.colcon_parallel_executor.executor.parallel:closing loop
[0.777s] DEBUG:colcon.colcon_parallel_executor.executor.parallel:loop closed
[0.777s] DEBUG:colcon.colcon_parallel_executor.executor.parallel:run_until_complete finished with '0'
[0.777s] DEBUG:colcon.colcon_core.event_reactor:joining thread
[0.829s] INFO:colcon.colcon_core.plugin_system:Skipping extension 'colcon_notification.desktop_notification.notify_send': Could not find 'notify-send'
[0.829s] INFO:colcon.colcon_core.plugin_system:Skipping extension 'colcon_notification.desktop_notification.terminal_notifier': Not used on non-Darwin systems
[0.829s] INFO:colcon.colcon_core.plugin_system:Skipping extension 'colcon_notification.desktop_notification.win32': Not used on non-Windows systems
[0.829s] INFO:colcon.colcon_notification.desktop_notification:Sending desktop notification using 'notify2'
[0.832s] DEBUG:colcon.colcon_notification.desktop_notification.notify2:Failed to initialize notify2: org.freedesktop.DBus.Error.ServiceUnknown: The name org.freedesktop.Notifications was not provided by any .service files
[0.832s] DEBUG:colcon.colcon_core.event_reactor:joined thread
[0.832s] INFO:colcon.colcon_core.shell:Creating prefix script '/home/gano/ros2_ws/src/mypkg/Humidity-Monitoring-Simulation-System/install/local_setup.ps1'
[0.833s] INFO:colcon.colcon_core.shell:Creating prefix util module '/home/gano/ros2_ws/src/mypkg/Humidity-Monitoring-Simulation-System/install/_local_setup_util_ps1.py'
[0.834s] INFO:colcon.colcon_core.shell:Creating prefix chain script '/home/gano/ros2_ws/src/mypkg/Humidity-Monitoring-Simulation-System/install/setup.ps1'
[0.835s] INFO:colcon.colcon_core.shell:Creating prefix script '/home/gano/ros2_ws/src/mypkg/Humidity-Monitoring-Simulation-System/install/local_setup.sh'
[0.836s] INFO:colcon.colcon_core.shell:Creating prefix util module '/home/gano/ros2_ws/src/mypkg/Humidity-Monitoring-Simulation-System/install/_local_setup_util_sh.py'
[0.836s] INFO:colcon.colcon_core.shell:Creating prefix chain script '/home/gano/ros2_ws/src/mypkg/Humidity-Monitoring-Simulation-System/install/setup.sh'
[0.837s] INFO:colcon.colcon_core.shell:Creating prefix script '/home/gano/ros2_ws/src/mypkg/Humidity-Monitoring-Simulation-System/install/local_setup.bash'
[0.838s] INFO:colcon.colcon_core.shell:Creating prefix chain script '/home/gano/ros2_ws/src/mypkg/Humidity-Monitoring-Simulation-System/install/setup.bash'
[0.839s] INFO:colcon.colcon_core.shell:Creating prefix script '/home/gano/ros2_ws/src/mypkg/Humidity-Monitoring-Simulation-System/install/local_setup.zsh'
[0.839s] INFO:colcon.colcon_core.shell:Creating prefix chain script '/home/gano/ros2_ws/src/mypkg/Humidity-Monitoring-Simulation-System/install/setup.zsh'
