running egg_info
creating build/mypkg/mypkg.egg-info
writing build/mypkg/mypkg.egg-info/PKG-INFO
writing dependency_links to build/mypkg/mypkg.egg-info/dependency_links.txt
writing entry points to build/mypkg/mypkg.egg-info/entry_points.txt
writing requirements to build/mypkg/mypkg.egg-info/requires.txt
writing top-level names to build/mypkg/mypkg.egg-info/top_level.txt
writing manifest file 'build/mypkg/mypkg.egg-info/SOURCES.txt'
reading manifest file 'build/mypkg/mypkg.egg-info/SOURCES.txt'
adding license file 'LICENSE'
writing manifest file 'build/mypkg/mypkg.egg-info/SOURCES.txt'
running build
running build_py
creating /home/gano/ros2_ws/src/mypkg/Humidity-Monitoring-Simulation-System/build/mypkg/build
creating /home/gano/ros2_ws/src/mypkg/Humidity-Monitoring-Simulation-System/build/mypkg/build/lib
creating /home/gano/ros2_ws/src/mypkg/Humidity-Monitoring-Simulation-System/build/mypkg/build/lib/mypkg
copying mypkg/__init__.py -> /home/gano/ros2_ws/src/mypkg/Humidity-Monitoring-Simulation-System/build/mypkg/build/lib/mypkg
copying mypkg/humidity_subscriber.py -> /home/gano/ros2_ws/src/mypkg/Humidity-Monitoring-Simulation-System/build/mypkg/build/lib/mypkg
copying mypkg/humidity_publisher.py -> /home/gano/ros2_ws/src/mypkg/Humidity-Monitoring-Simulation-System/build/mypkg/build/lib/mypkg
running install
running install_lib
creating /home/gano/ros2_ws/src/mypkg/Humidity-Monitoring-Simulation-System/install/mypkg/lib/python3.12/site-packages/mypkg
copying /home/gano/ros2_ws/src/mypkg/Humidity-Monitoring-Simulation-System/build/mypkg/build/lib/mypkg/__init__.py -> /home/gano/ros2_ws/src/mypkg/Humidity-Monitoring-Simulation-System/install/mypkg/lib/python3.12/site-packages/mypkg
copying /home/gano/ros2_ws/src/mypkg/Humidity-Monitoring-Simulation-System/build/mypkg/build/lib/mypkg/humidity_subscriber.py -> /home/gano/ros2_ws/src/mypkg/Humidity-Monitoring-Simulation-System/install/mypkg/lib/python3.12/site-packages/mypkg
copying /home/gano/ros2_ws/src/mypkg/Humidity-Monitoring-Simulation-System/build/mypkg/build/lib/mypkg/humidity_publisher.py -> /home/gano/ros2_ws/src/mypkg/Humidity-Monitoring-Simulation-System/install/mypkg/lib/python3.12/site-packages/mypkg
byte-compiling /home/gano/ros2_ws/src/mypkg/Humidity-Monitoring-Simulation-System/install/mypkg/lib/python3.12/site-packages/mypkg/__init__.py to __init__.cpython-312.pyc
byte-compiling /home/gano/ros2_ws/src/mypkg/Humidity-Monitoring-Simulation-System/install/mypkg/lib/python3.12/site-packages/mypkg/humidity_subscriber.py to humidity_subscriber.cpython-312.pyc
byte-compiling /home/gano/ros2_ws/src/mypkg/Humidity-Monitoring-Simulation-System/install/mypkg/lib/python3.12/site-packages/mypkg/humidity_publisher.py to humidity_publisher.cpython-312.pyc
running install_data
creating /home/gano/ros2_ws/src/mypkg/Humidity-Monitoring-Simulation-System/install/mypkg/share/ament_index
creating /home/gano/ros2_ws/src/mypkg/Humidity-Monitoring-Simulation-System/install/mypkg/share/ament_index/resource_index
creating /home/gano/ros2_ws/src/mypkg/Humidity-Monitoring-Simulation-System/install/mypkg/share/ament_index/resource_index/packages
copying resource/mypkg -> /home/gano/ros2_ws/src/mypkg/Humidity-Monitoring-Simulation-System/install/mypkg/share/ament_index/resource_index/packages
copying package.xml -> /home/gano/ros2_ws/src/mypkg/Humidity-Monitoring-Simulation-System/install/mypkg/share/mypkg
creating /home/gano/ros2_ws/src/mypkg/Humidity-Monitoring-Simulation-System/install/mypkg/share/mypkg/launch
copying launch/humidity_monitoring.launch.py -> /home/gano/ros2_ws/src/mypkg/Humidity-Monitoring-Simulation-System/install/mypkg/share/mypkg/launch
running install_egg_info
Copying build/mypkg/mypkg.egg-info to /home/gano/ros2_ws/src/mypkg/Humidity-Monitoring-Simulation-System/install/mypkg/lib/python3.12/site-packages/mypkg-0.0.0-py3.12.egg-info
running install_scripts
Installing humidity_publisher script to /home/gano/ros2_ws/src/mypkg/Humidity-Monitoring-Simulation-System/install/mypkg/lib/mypkg
Installing humidity_subscriber script to /home/gano/ros2_ws/src/mypkg/Humidity-Monitoring-Simulation-System/install/mypkg/lib/mypkg
writing list of installed files to '/home/gano/ros2_ws/src/mypkg/Humidity-Monitoring-Simulation-System/build/mypkg/install.log'
