[0.811s] Invoking command in '/home/gano/ros2_ws/src/mypkg/Humidity-Monitoring-Simulation-System': PYTHONPATH=/home/gano/ros2_ws/src/mypkg/Humidity-Monitoring-Simulation-System/build/mypkg/prefix_override:/usr/lib/python3/dist-packages/colcon_core/task/python/colcon_distutils_commands:/home/gano/ros2_ws/src/mypkg/Humidity-Monitoring-Simulation-System/install/mypkg/lib/python3.12/site-packages:${PYTHONPATH} /usr/bin/python3 -W ignore:setup.py install is deprecated setup.py egg_info --egg-base build/mypkg build --build-base /home/gano/ros2_ws/src/mypkg/Humidity-Monitoring-Simulation-System/build/mypkg/build install --record /home/gano/ros2_ws/src/mypkg/Humidity-Monitoring-Simulation-System/build/mypkg/install.log --single-version-externally-managed install_data
[0.966s] running egg_info
[0.967s] creating build/mypkg/mypkg.egg-info
[0.978s] writing build/mypkg/mypkg.egg-info/PKG-INFO
[0.978s] writing dependency_links to build/mypkg/mypkg.egg-info/dependency_links.txt
[0.978s] writing entry points to build/mypkg/mypkg.egg-info/entry_points.txt
[0.978s] writing requirements to build/mypkg/mypkg.egg-info/requires.txt
[0.978s] writing top-level names to build/mypkg/mypkg.egg-info/top_level.txt
[0.978s] writing manifest file 'build/mypkg/mypkg.egg-info/SOURCES.txt'
[0.999s] reading manifest file 'build/mypkg/mypkg.egg-info/SOURCES.txt'
[0.999s] adding license file 'LICENSE'
[0.999s] writing manifest file 'build/mypkg/mypkg.egg-info/SOURCES.txt'
[0.999s] running build
[0.999s] running build_py
[0.999s] creating /home/gano/ros2_ws/src/mypkg/Humidity-Monitoring-Simulation-System/build/mypkg/build
[1.000s] creating /home/gano/ros2_ws/src/mypkg/Humidity-Monitoring-Simulation-System/build/mypkg/build/lib
[1.001s] creating /home/gano/ros2_ws/src/mypkg/Humidity-Monitoring-Simulation-System/build/mypkg/build/lib/mypkg
[1.001s] copying mypkg/__init__.py -> /home/gano/ros2_ws/src/mypkg/Humidity-Monitoring-Simulation-System/build/mypkg/build/lib/mypkg
[1.001s] copying mypkg/humidity_subscriber.py -> /home/gano/ros2_ws/src/mypkg/Humidity-Monitoring-Simulation-System/build/mypkg/build/lib/mypkg
[1.002s] copying mypkg/humidity_publisher.py -> /home/gano/ros2_ws/src/mypkg/Humidity-Monitoring-Simulation-System/build/mypkg/build/lib/mypkg
[1.002s] running install
[1.007s] running install_lib
[1.017s] creating /home/gano/ros2_ws/src/mypkg/Humidity-Monitoring-Simulation-System/install/mypkg/lib/python3.12/site-packages/mypkg
[1.018s] copying /home/gano/ros2_ws/src/mypkg/Humidity-Monitoring-Simulation-System/build/mypkg/build/lib/mypkg/__init__.py -> /home/gano/ros2_ws/src/mypkg/Humidity-Monitoring-Simulation-System/install/mypkg/lib/python3.12/site-packages/mypkg
[1.018s] copying /home/gano/ros2_ws/src/mypkg/Humidity-Monitoring-Simulation-System/build/mypkg/build/lib/mypkg/humidity_subscriber.py -> /home/gano/ros2_ws/src/mypkg/Humidity-Monitoring-Simulation-System/install/mypkg/lib/python3.12/site-packages/mypkg
[1.018s] copying /home/gano/ros2_ws/src/mypkg/Humidity-Monitoring-Simulation-System/build/mypkg/build/lib/mypkg/humidity_publisher.py -> /home/gano/ros2_ws/src/mypkg/Humidity-Monitoring-Simulation-System/install/mypkg/lib/python3.12/site-packages/mypkg
[1.019s] byte-compiling /home/gano/ros2_ws/src/mypkg/Humidity-Monitoring-Simulation-System/install/mypkg/lib/python3.12/site-packages/mypkg/__init__.py to __init__.cpython-312.pyc
[1.020s] byte-compiling /home/gano/ros2_ws/src/mypkg/Humidity-Monitoring-Simulation-System/install/mypkg/lib/python3.12/site-packages/mypkg/humidity_subscriber.py to humidity_subscriber.cpython-312.pyc
[1.020s] byte-compiling /home/gano/ros2_ws/src/mypkg/Humidity-Monitoring-Simulation-System/install/mypkg/lib/python3.12/site-packages/mypkg/humidity_publisher.py to humidity_publisher.cpython-312.pyc
[1.022s] running install_data
[1.022s] creating /home/gano/ros2_ws/src/mypkg/Humidity-Monitoring-Simulation-System/install/mypkg/share/ament_index
[1.023s] creating /home/gano/ros2_ws/src/mypkg/Humidity-Monitoring-Simulation-System/install/mypkg/share/ament_index/resource_index
[1.023s] creating /home/gano/ros2_ws/src/mypkg/Humidity-Monitoring-Simulation-System/install/mypkg/share/ament_index/resource_index/packages
[1.024s] copying resource/mypkg -> /home/gano/ros2_ws/src/mypkg/Humidity-Monitoring-Simulation-System/install/mypkg/share/ament_index/resource_index/packages
[1.024s] copying package.xml -> /home/gano/ros2_ws/src/mypkg/Humidity-Monitoring-Simulation-System/install/mypkg/share/mypkg
[1.024s] creating /home/gano/ros2_ws/src/mypkg/Humidity-Monitoring-Simulation-System/install/mypkg/share/mypkg/launch
[1.025s] copying launch/humidity_monitoring.launch.py -> /home/gano/ros2_ws/src/mypkg/Humidity-Monitoring-Simulation-System/install/mypkg/share/mypkg/launch
[1.025s] running install_egg_info
[1.037s] Copying build/mypkg/mypkg.egg-info to /home/gano/ros2_ws/src/mypkg/Humidity-Monitoring-Simulation-System/install/mypkg/lib/python3.12/site-packages/mypkg-0.0.0-py3.12.egg-info
[1.039s] running install_scripts
[1.111s] Installing humidity_publisher script to /home/gano/ros2_ws/src/mypkg/Humidity-Monitoring-Simulation-System/install/mypkg/lib/mypkg
[1.113s] Installing humidity_subscriber script to /home/gano/ros2_ws/src/mypkg/Humidity-Monitoring-Simulation-System/install/mypkg/lib/mypkg
[1.113s] writing list of installed files to '/home/gano/ros2_ws/src/mypkg/Humidity-Monitoring-Simulation-System/build/mypkg/install.log'
[1.136s] Invoked command in '/home/gano/ros2_ws/src/mypkg/Humidity-Monitoring-Simulation-System' returned '0': PYTHONPATH=/home/gano/ros2_ws/src/mypkg/Humidity-Monitoring-Simulation-System/build/mypkg/prefix_override:/usr/lib/python3/dist-packages/colcon_core/task/python/colcon_distutils_commands:/home/gano/ros2_ws/src/mypkg/Humidity-Monitoring-Simulation-System/install/mypkg/lib/python3.12/site-packages:${PYTHONPATH} /usr/bin/python3 -W ignore:setup.py install is deprecated setup.py egg_info --egg-base build/mypkg build --build-base /home/gano/ros2_ws/src/mypkg/Humidity-Monitoring-Simulation-System/build/mypkg/build install --record /home/gano/ros2_ws/src/mypkg/Humidity-Monitoring-Simulation-System/build/mypkg/install.log --single-version-externally-managed install_data
